<?xml version="1.0" encoding="UTF-8"?>
<!-- Generated by org.testng.reporters.JUnitXMLReporter -->
<testsuite ignored="0" hostname="Sourav-Kumar" failures="0" tests="4" name="Test" time="411.773" errors="0" timestamp="2022-09-06T09:17:41 IST">
  <testcase classname="com.mystore.testcases.TC_02_VerifyLogin" name="verifyLogin" time="27.883"/>
  <testcase classname="com.mystore.testcases.TC_03_SearchProduct" name="searchProduct" time="29.812"/>
  <testcase classname="com.mystore.testcases.TC_04_BuyProduct" name="BuyProduct" time="84.832"/>
  <testcase classname="com.mystore.testcases.TC_05_LogOut" name="LogOut" time="28.466"/>
</testsuite> <!-- Test -->
