<?xml version="1.0" encoding="UTF-8"?>
<testng-results ignored="0" total="4" passed="4" failed="0" skipped="0">
  <reporter-output>
  </reporter-output>
  <suite started-at="2022-09-06T09:10:49 IST" name="Suite" finished-at="2022-09-06T09:17:41 IST" duration-ms="411773">
    <groups>
    </groups>
    <test started-at="2022-09-06T09:10:49 IST" name="Test" finished-at="2022-09-06T09:17:41 IST" duration-ms="411773">
      <class name="com.mystore.testcases.TC_04_BuyProduct">
        <test-method is-config="true" signature="setup()[pri:0, instance:com.mystore.testcases.TC_04_BuyProduct@1165b38]" started-at="2022-09-06T09:13:34 IST" name="setup" finished-at="2022-09-06T09:14:46 IST" duration-ms="71155" status="PASS">
          <reporter-output>
          </reporter-output>
        </test-method> <!-- setup -->
        <test-method signature="BuyProduct(java.lang.String,java.lang.String)[pri:0, instance:com.mystore.testcases.TC_04_BuyProduct@1165b38]" started-at="2022-09-06T09:14:46 IST" name="BuyProduct" data-provider="LoginDataProvider" finished-at="2022-09-06T09:16:10 IST" duration-ms="84832" status="PASS">
          <params>
            <param index="0">
              <value>
                <![CDATA[saurav0071@gmail.com]]>
              </value>
            </param>
            <param index="1">
              <value>
                <![CDATA[Ankit123]]>
              </value>
            </param>
          </params>
          <reporter-output>
          </reporter-output>
        </test-method> <!-- BuyProduct -->
        <test-method is-config="true" signature="tearDown()[pri:0, instance:com.mystore.testcases.TC_04_BuyProduct@1165b38]" started-at="2022-09-06T09:16:10 IST" name="tearDown" finished-at="2022-09-06T09:16:11 IST" duration-ms="404" status="PASS">
          <reporter-output>
          </reporter-output>
        </test-method> <!-- tearDown -->
      </class> <!-- com.mystore.testcases.TC_04_BuyProduct -->
      <class name="com.mystore.testcases.TC_03_SearchProduct">
        <test-method is-config="true" signature="setup()[pri:0, instance:com.mystore.testcases.TC_03_SearchProduct@5b12b668]" started-at="2022-09-06T09:12:11 IST" name="setup" finished-at="2022-09-06T09:13:01 IST" duration-ms="49416" status="PASS">
          <reporter-output>
          </reporter-output>
        </test-method> <!-- setup -->
        <test-method signature="searchProduct(java.lang.String,java.lang.String)[pri:0, instance:com.mystore.testcases.TC_03_SearchProduct@5b12b668]" started-at="2022-09-06T09:13:02 IST" name="searchProduct" data-provider="LoginDataProvider" finished-at="2022-09-06T09:13:32 IST" duration-ms="29812" status="PASS">
          <params>
            <param index="0">
              <value>
                <![CDATA[saurav0071@gmail.com]]>
              </value>
            </param>
            <param index="1">
              <value>
                <![CDATA[Ankit123]]>
              </value>
            </param>
          </params>
          <reporter-output>
          </reporter-output>
        </test-method> <!-- searchProduct -->
        <test-method is-config="true" signature="tearDown()[pri:0, instance:com.mystore.testcases.TC_03_SearchProduct@5b12b668]" started-at="2022-09-06T09:13:32 IST" name="tearDown" finished-at="2022-09-06T09:13:34 IST" duration-ms="2650" status="PASS">
          <reporter-output>
          </reporter-output>
        </test-method> <!-- tearDown -->
      </class> <!-- com.mystore.testcases.TC_03_SearchProduct -->
      <class name="com.mystore.testcases.TC_02_VerifyLogin">
        <test-method is-config="true" signature="setup()[pri:0, instance:com.mystore.testcases.TC_02_VerifyLogin@43bc63a3]" started-at="2022-09-06T09:10:49 IST" name="setup" finished-at="2022-09-06T09:11:43 IST" duration-ms="53425" status="PASS">
          <reporter-output>
          </reporter-output>
        </test-method> <!-- setup -->
        <test-method signature="verifyLogin()[pri:0, instance:com.mystore.testcases.TC_02_VerifyLogin@43bc63a3]" started-at="2022-09-06T09:11:43 IST" name="verifyLogin" finished-at="2022-09-06T09:12:11 IST" duration-ms="27883" status="PASS">
          <reporter-output>
          </reporter-output>
        </test-method> <!-- verifyLogin -->
        <test-method is-config="true" signature="tearDown()[pri:0, instance:com.mystore.testcases.TC_02_VerifyLogin@43bc63a3]" started-at="2022-09-06T09:12:11 IST" name="tearDown" finished-at="2022-09-06T09:12:11 IST" duration-ms="304" status="PASS">
          <reporter-output>
          </reporter-output>
        </test-method> <!-- tearDown -->
      </class> <!-- com.mystore.testcases.TC_02_VerifyLogin -->
      <class name="com.mystore.testcases.TC_05_LogOut">
        <test-method is-config="true" signature="setup()[pri:0, instance:com.mystore.testcases.TC_05_LogOut@4c12331b]" started-at="2022-09-06T09:16:11 IST" name="setup" finished-at="2022-09-06T09:17:12 IST" duration-ms="61271" status="PASS">
          <reporter-output>
          </reporter-output>
        </test-method> <!-- setup -->
        <test-method signature="LogOut(java.lang.String,java.lang.String)[pri:0, instance:com.mystore.testcases.TC_05_LogOut@4c12331b]" started-at="2022-09-06T09:17:12 IST" name="LogOut" data-provider="LoginDataProvider" finished-at="2022-09-06T09:17:41 IST" duration-ms="28466" status="PASS">
          <params>
            <param index="0">
              <value>
                <![CDATA[saurav0071@gmail.com]]>
              </value>
            </param>
            <param index="1">
              <value>
                <![CDATA[Ankit123]]>
              </value>
            </param>
          </params>
          <reporter-output>
          </reporter-output>
        </test-method> <!-- LogOut -->
        <test-method is-config="true" signature="tearDown()[pri:0, instance:com.mystore.testcases.TC_05_LogOut@4c12331b]" started-at="2022-09-06T09:17:41 IST" name="tearDown" finished-at="2022-09-06T09:17:41 IST" duration-ms="277" status="PASS">
          <reporter-output>
          </reporter-output>
        </test-method> <!-- tearDown -->
      </class> <!-- com.mystore.testcases.TC_05_LogOut -->
    </test> <!-- Test -->
  </suite> <!-- Suite -->
</testng-results>
